<?xml version="1.0" encoding="UTF-8"?>
<!-- Generated by org.testng.reporters.JUnitXMLReporter -->
<testsuite hostname="Laptopkharidoco" ignored="0" name="Test" tests="5" failures="0" timestamp="21 Jul 2019 19:06:16 GMT" time="0.123" errors="0">
  <testcase name="Car1" time="0.03" classname="javaPractice.Grouping"/>
  <testcase name="Car2" time="0.004" classname="javaPractice.Grouping"/>
  <testcase name="Scooter1" time="0.004" classname="javaPractice.Grouping"/>
  <testcase name="Scooter2" time="0.003" classname="javaPractice.Grouping"/>
  <testcase name="Sedan1" time="0.004" classname="javaPractice.Grouping"/>
</testsuite> <!-- Test -->
