<?xml version="1.0" encoding="UTF-8"?>
<testng-results skipped="0" failed="0" ignored="0" total="5" passed="5">
  <reporter-output>
  </reporter-output>
  <suite name="Suite" duration-ms="123" started-at="2019-07-21T19:06:16Z" finished-at="2019-07-21T19:06:16Z">
    <groups>
      <group name="Scooter">
        <method signature="Grouping.Scooter1()[pri:0, instance:javaPractice.Grouping@396a51ab]" name="Scooter1" class="javaPractice.Grouping"/>
        <method signature="Grouping.Scooter2()[pri:0, instance:javaPractice.Grouping@396a51ab]" name="Scooter2" class="javaPractice.Grouping"/>
      </group> <!-- Scooter -->
      <group name="Car">
        <method signature="Grouping.Car1()[pri:0, instance:javaPractice.Grouping@396a51ab]" name="Car1" class="javaPractice.Grouping"/>
        <method signature="Grouping.Car2()[pri:0, instance:javaPractice.Grouping@396a51ab]" name="Car2" class="javaPractice.Grouping"/>
        <method signature="Grouping.Sedan1()[pri:0, instance:javaPractice.Grouping@396a51ab]" name="Sedan1" class="javaPractice.Grouping"/>
      </group> <!-- Car -->
      <group name="Sedan Car">
        <method signature="Grouping.Sedan1()[pri:0, instance:javaPractice.Grouping@396a51ab]" name="Sedan1" class="javaPractice.Grouping"/>
      </group> <!-- Sedan Car -->
    </groups>
    <test name="Test" duration-ms="123" started-at="2019-07-21T19:06:16Z" finished-at="2019-07-21T19:06:16Z">
      <class name="javaPractice.Grouping">
        <test-method status="PASS" signature="Car1()[pri:0, instance:javaPractice.Grouping@396a51ab]" name="Car1" duration-ms="30" started-at="2019-07-21T19:06:16Z" finished-at="2019-07-21T19:06:16Z">
          <reporter-output>
          </reporter-output>
        </test-method> <!-- Car1 -->
        <test-method status="PASS" signature="Car2()[pri:0, instance:javaPractice.Grouping@396a51ab]" name="Car2" duration-ms="4" started-at="2019-07-21T19:06:16Z" finished-at="2019-07-21T19:06:16Z">
          <reporter-output>
          </reporter-output>
        </test-method> <!-- Car2 -->
        <test-method status="PASS" signature="Scooter1()[pri:0, instance:javaPractice.Grouping@396a51ab]" name="Scooter1" duration-ms="4" started-at="2019-07-21T19:06:16Z" finished-at="2019-07-21T19:06:16Z">
          <reporter-output>
          </reporter-output>
        </test-method> <!-- Scooter1 -->
        <test-method status="PASS" signature="Scooter2()[pri:0, instance:javaPractice.Grouping@396a51ab]" name="Scooter2" duration-ms="3" started-at="2019-07-21T19:06:16Z" finished-at="2019-07-21T19:06:16Z">
          <reporter-output>
          </reporter-output>
        </test-method> <!-- Scooter2 -->
        <test-method status="PASS" signature="Sedan1()[pri:0, instance:javaPractice.Grouping@396a51ab]" name="Sedan1" duration-ms="4" started-at="2019-07-21T19:06:16Z" finished-at="2019-07-21T19:06:16Z">
          <reporter-output>
          </reporter-output>
        </test-method> <!-- Sedan1 -->
      </class> <!-- javaPractice.Grouping -->
    </test> <!-- Test -->
  </suite> <!-- Suite -->
</testng-results>
